INFO: [VRFC 10-2263] Analyzing Verilog file "C:/Users/Barbora/Desktop/de1/digital-electronics-1-Project/MorseCode/MorseCode.sim/sim_1/synth/func/xsim/tb_top_func_synth.v" into library xil_defaultlib
INFO: [VRFC 10-311] analyzing module clock_enable
INFO: [VRFC 10-311] analyzing module clock_enable_0
INFO: [VRFC 10-311] analyzing module d_ff_rst
INFO: [VRFC 10-311] analyzing module d_ff_rst_1
INFO: [VRFC 10-311] analyzing module decoder_1
INFO: [VRFC 10-311] analyzing module decoder_2
INFO: [VRFC 10-311] analyzing module edge_detect
INFO: [VRFC 10-311] analyzing module hex_7seg
INFO: [VRFC 10-311] analyzing module morse_to8bit
INFO: [VRFC 10-311] analyzing module stopwatch
INFO: [VRFC 10-311] analyzing module stopwatch2
INFO: [VRFC 10-311] analyzing module top
INFO: [VRFC 10-311] analyzing module glbl
INFO: [VRFC 10-163] Analyzing VHDL file "C:/Users/Barbora/Desktop/de1/digital-electronics-1-Project/MorseCode/MorseCode.srcs/sources_1/new/clock_enable.vhd" into library xil_defaultlib
INFO: [VRFC 10-3107] analyzing entity 'clock_enable'
INFO: [VRFC 10-163] Analyzing VHDL file "C:/Users/Barbora/Desktop/de1/digital-electronics-1-Project/MorseCode/MorseCode.srcs/sources_1/new/d_ff_rst.vhd" into library xil_defaultlib
INFO: [VRFC 10-3107] analyzing entity 'd_ff_rst'
INFO: [VRFC 10-163] Analyzing VHDL file "C:/Users/Barbora/Desktop/de1/digital-electronics-1-Project/MorseCode/MorseCode.srcs/sources_1/new/decoder_1.vhd" into library xil_defaultlib
INFO: [VRFC 10-3107] analyzing entity 'decoder_1'
INFO: [VRFC 10-163] Analyzing VHDL file "C:/Users/Barbora/Desktop/de1/digital-electronics-1-Project/MorseCode/MorseCode.srcs/sources_1/new/decoder_2.vhd" into library xil_defaultlib
INFO: [VRFC 10-3107] analyzing entity 'decoder_2'
INFO: [VRFC 10-163] Analyzing VHDL file "C:/Users/Barbora/Desktop/de1/digital-electronics-1-Project/MorseCode/MorseCode.srcs/sources_1/new/edge_detect.vhd" into library xil_defaultlib
INFO: [VRFC 10-3107] analyzing entity 'edge_detect'
INFO: [VRFC 10-163] Analyzing VHDL file "C:/Users/Barbora/Desktop/de1/digital-electronics-1-Project/MorseCode/MorseCode.srcs/sources_1/new/stopwatch.vhd" into library xil_defaultlib
INFO: [VRFC 10-3107] analyzing entity 'stopwatch'
INFO: [VRFC 10-163] Analyzing VHDL file "C:/Users/Barbora/Desktop/de1/digital-electronics-1-Project/MorseCode/MorseCode.srcs/sources_1/new/stopwatch2.vhd" into library xil_defaultlib
INFO: [VRFC 10-3107] analyzing entity 'stopwatch2'
INFO: [VRFC 10-163] Analyzing VHDL file "C:/Users/Barbora/Downloads/tb_top1.vhd" into library xil_defaultlib
INFO: [VRFC 10-3107] analyzing entity 'tb_top'
