Vivado Simulator 2020.2
Copyright 1986-1999, 2001-2020 Xilinx, Inc. All Rights Reserved.
Running: D:/Xilinx/Vivado/2020.2/bin/unwrapped/win64.o/xelab.exe -wto e5864bdf9277465790174455cedcdb1b --incr --debug typical --relax --mt 2 -L xil_defaultlib -L unisims_ver -L secureip --snapshot tb_top_func_synth xil_defaultlib.tb_top xil_defaultlib.glbl -log elaborate.log 
Using 2 slave threads.
Starting static elaboration
Pass Through NonSizing Optimizer
Completed static elaboration
Starting simulation data flow analysis
Completed simulation data flow analysis
Time Resolution for simulation is 1ps
Compiling package std.standard
Compiling package std.textio
Compiling package ieee.std_logic_1164
Compiling package ieee.numeric_std
Compiling module xil_defaultlib.glbl
Compiling architecture behavioral of entity xil_defaultlib.d_ff_rst [d_ff_rst_default]
Compiling architecture behavioral of entity xil_defaultlib.edge_detect [edge_detect_default]
Compiling architecture behavioral of entity xil_defaultlib.clock_enable [\clock_enable(g_max=100000)\]
Compiling architecture behavioral of entity xil_defaultlib.stopwatch [stopwatch_default]
Compiling architecture behavioral of entity xil_defaultlib.stopwatch2 [stopwatch2_default]
Compiling architecture behavioral of entity xil_defaultlib.decoder_1 [decoder_1_default]
Compiling architecture behavioral of entity xil_defaultlib.decoder_2 [decoder_2_default]
Compiling architecture testbench of entity xil_defaultlib.tb_top
Built simulation snapshot tb_top_func_synth
